<?xml version="1.0" encoding="UTF-8"?>
<!DOCTYPE mapper
        PUBLIC "-//mybatis.org//DTD Mapper 3.0//EN"
        "http://mybatis.org/dtd/mybatis-3-mapper.dtd">
<mapper namespace="com.zqh.dao.TestDao">

    <resultMap id="Test" type="com.zqh.bo.Test">
        <id property="id" column="id"/>
        <result property="riskType" column="risk_type"/>
    </resultMap>

    <select id="getTests" resultMap="Test">
      SELECT * FROM test
    </select>
    <insert id="insertTest" parameterType="com.zqh.bo.Test">
      INSERT INTO test (risk_type) VALUES (#{riskType})
    </insert>
</mapper>